Sub_Jungle/app/build/outputs/logs/manifest-merger-debug-report.txt
-- Merging decision tree log ---
manifest
ADDED from src/main/AndroidManifest.xml:2:1-57:12
	xmlns:android
		ADDED from src/main/AndroidManifest.xml:2:11-69
	package
		ADDED from src/main/AndroidManifest.xml:3:5-36
		INJECTED from src/main/AndroidManifest.xml
		INJECTED from src/main/AndroidManifest.xml
	android:versionName
		INJECTED from src/main/AndroidManifest.xml
		INJECTED from src/main/AndroidManifest.xml
	android:versionCode
		INJECTED from src/main/AndroidManifest.xml
		INJECTED from src/main/AndroidManifest.xml
uses-permission#android.permission.INTERNET
ADDED from src/main/AndroidManifest.xml:5:5-67
	android:name
		ADDED from src/main/AndroidManifest.xml:5:22-64
application
ADDED from src/main/AndroidManifest.xml:7:5-55:19
MERGED from [com.android.support:appcompat-v7:23.1.1] AndroidManifest.xml:22:5-20
MERGED from [com.android.support:support-v4:23.1.1] AndroidManifest.xml:22:5-20
MERGED from [com.android.support:design:23.1.1] AndroidManifest.xml:22:5-20
MERGED from [com.android.support:appcompat-v7:23.1.1] AndroidManifest.xml:22:5-20
MERGED from [com.android.support:support-v4:23.1.1] AndroidManifest.xml:22:5-20
MERGED from [com.android.support:support-v4:23.1.1] AndroidManifest.xml:22:5-20
MERGED from [com.android.support:support-v4:23.1.1] AndroidManifest.xml:22:5-20
	android:supportsRtl
		ADDED from src/main/AndroidManifest.xml:11:9-35
	android:label
		ADDED from src/main/AndroidManifest.xml:10:9-41
	android:allowBackup
		ADDED from src/main/AndroidManifest.xml:8:9-35
	android:icon
		ADDED from src/main/AndroidManifest.xml:9:9-43
	android:theme
		ADDED from src/main/AndroidManifest.xml:12:9-40
activity#com.akshay.sub_jungle.Home
ADDED from src/main/AndroidManifest.xml:13:9-16:59
	android:label
		ADDED from src/main/AndroidManifest.xml:15:13-45
	android:theme
		ADDED from src/main/AndroidManifest.xml:16:13-56
	android:name
		ADDED from src/main/AndroidManifest.xml:14:13-33
activity#com.akshay.sub_jungle.Login
ADDED from src/main/AndroidManifest.xml:17:9-26:20
	android:label
		ADDED from src/main/AndroidManifest.xml:19:13-57
	android:theme
		ADDED from src/main/AndroidManifest.xml:20:13-56
	android:name
		ADDED from src/main/AndroidManifest.xml:18:13-34
intent-filter#android.intent.action.MAIN+android.intent.category.LAUNCHER
ADDED from src/main/AndroidManifest.xml:21:13-25:29
action#android.intent.action.MAIN
ADDED from src/main/AndroidManifest.xml:22:17-69
	android:name
		ADDED from src/main/AndroidManifest.xml:22:25-66
category#android.intent.category.LAUNCHER
ADDED from src/main/AndroidManifest.xml:24:17-77
	android:name
		ADDED from src/main/AndroidManifest.xml:24:27-74
activity#com.akshay.sub_jungle.ForgetPassword
ADDED from src/main/AndroidManifest.xml:27:9-30:59
	android:label
		ADDED from src/main/AndroidManifest.xml:29:13-67
	android:theme
		ADDED from src/main/AndroidManifest.xml:30:13-56
	android:name
		ADDED from src/main/AndroidManifest.xml:28:13-43
activity#com.akshay.sub_jungle.Appointment
ADDED from src/main/AndroidManifest.xml:31:9-34:59
	android:label
		ADDED from src/main/AndroidManifest.xml:33:13-63
	android:theme
		ADDED from src/main/AndroidManifest.xml:34:13-56
	android:name
		ADDED from src/main/AndroidManifest.xml:32:13-40
activity#com.akshay.sub_jungle.Town_Feedback
ADDED from src/main/AndroidManifest.xml:35:9-38:59
	android:label
		ADDED from src/main/AndroidManifest.xml:37:13-66
	android:theme
		ADDED from src/main/AndroidManifest.xml:38:13-56
	android:name
		ADDED from src/main/AndroidManifest.xml:36:13-42
activity#com.akshay.sub_jungle.Strategist
ADDED from src/main/AndroidManifest.xml:39:9-42:59
	android:label
		ADDED from src/main/AndroidManifest.xml:41:13-62
	android:theme
		ADDED from src/main/AndroidManifest.xml:42:13-56
	android:name
		ADDED from src/main/AndroidManifest.xml:40:13-39
activity#com.akshay.sub_jungle.Feedback
ADDED from src/main/AndroidManifest.xml:43:9-46:59
	android:label
		ADDED from src/main/AndroidManifest.xml:45:13-60
	android:theme
		ADDED from src/main/AndroidManifest.xml:46:13-56
	android:name
		ADDED from src/main/AndroidManifest.xml:44:13-37
activity#com.akshay.sub_jungle.Client_Feedback
ADDED from src/main/AndroidManifest.xml:47:9-50:68
	android:label
		ADDED from src/main/AndroidManifest.xml:49:13-68
	android:theme
		ADDED from src/main/AndroidManifest.xml:50:13-56
	android:name
		ADDED from src/main/AndroidManifest.xml:48:13-44
activity#com.akshay.sub_jungle.Strategist_Home
ADDED from src/main/AndroidManifest.xml:51:9-54:68
	android:label
		ADDED from src/main/AndroidManifest.xml:53:13-68
	android:theme
		ADDED from src/main/AndroidManifest.xml:54:13-56
	android:name
		ADDED from src/main/AndroidManifest.xml:52:13-44
uses-sdk
INJECTED from src/main/AndroidManifest.xml reason: use-sdk injection requested
MERGED from [com.android.support:appcompat-v7:23.1.1] AndroidManifest.xml:20:5-43
MERGED from [com.android.support:support-v4:23.1.1] AndroidManifest.xml:20:5-43
MERGED from [com.android.support:design:23.1.1] AndroidManifest.xml:20:5-43
MERGED from [com.android.support:appcompat-v7:23.1.1] AndroidManifest.xml:20:5-43
MERGED from [com.android.support:support-v4:23.1.1] AndroidManifest.xml:20:5-43
MERGED from [com.android.support:recyclerview-v7:23.1.1] AndroidManifest.xml:20:5-43
MERGED from [com.android.support:support-v4:23.1.1] AndroidManifest.xml:20:5-43
MERGED from [com.android.support:support-v4:23.1.1] AndroidManifest.xml:20:5-43
	android:targetSdkVersion
		INJECTED from src/main/AndroidManifest.xml
		INJECTED from src/main/AndroidManifest.xml
	android:minSdkVersion
		INJECTED from src/main/AndroidManifest.xml
		INJECTED from src/main/AndroidManifest.xml